2013/10/27 17:54:15 [warning] [application] Failed to set unsafe attribute "date_created" of "User".
in /home/mile/public_html/api.oddsleaders/protected/controllers/UserController.php (72)
in /home/mile/public_html/api.oddsleaders/index.php (20)
2013/10/28 21:52:56 [error] [php] file_get_contents() [<a href='function.file-get-contents'>function.file-get-contents</a>]: SSL: Connection reset by peer (/home/mile/public_html/api.oddsleaders/protected/extensions/SimpleHTMLDOM/SimpleHTMLDOM.php:85)
Stack trace:
#0 /home/mile/public_html/api.oddsleaders/protected/controllers/CronController.php(103): CronController->stackPopulate()
#1 /home/mile/public_html/yii-1.1.14.f0fee9/framework/web/actions/CInlineAction.php(49): CronController->actionStack()
#2 /home/mile/public_html/yii-1.1.14.f0fee9/framework/web/CController.php(308): CInlineAction->runWithParams()
#3 /home/mile/public_html/yii-1.1.14.f0fee9/framework/web/filters/CFilterChain.php(133): CronController->runAction()
#4 /home/mile/public_html/yii-1.1.14.f0fee9/framework/web/filters/CFilter.php(40): CFilterChain->run()
#5 /home/mile/public_html/yii-1.1.14.f0fee9/framework/web/CController.php(1145): CAccessControlFilter->filter()
#6 /home/mile/public_html/yii-1.1.14.f0fee9/framework/web/filters/CInlineFilter.php(58): CronController->filterAccessControl()
#7 /home/mile/public_html/yii-1.1.14.f0fee9/framework/web/filters/CFilterChain.php(130): CInlineFilter->filter()
#8 /home/mile/public_html/yii-1.1.14.f0fee9/framework/web/CController.php(291): CFilterChain->run()
#9 /home/mile/public_html/yii-1.1.14.f0fee9/framework/web/CController.php(265): CronController->runActionWithFilters()
#10 /home/mile/public_html/yii-1.1.14.f0fee9/framework/web/CWebApplication.php(282): CronController->run()
#11 /home/mile/public_html/yii-1.1.14.f0fee9/framework/web/CWebApplication.php(141): CWebApplication->runController()
#12 /home/mile/public_html/yii-1.1.14.f0fee9/framework/base/CApplication.php(180): CWebApplication->processRequest()
#13 /home/mile/public_html/api.oddsleaders/index.php(20): CWebApplication->run()
REQUEST_URI=/index.php?r=cron/stack
in /home/mile/public_html/api.oddsleaders/protected/extensions/SimpleHTMLDOM/SimpleHTMLDOM.php (85)
in /home/mile/public_html/api.oddsleaders/protected/controllers/CronController.php (133)
in /home/mile/public_html/api.oddsleaders/protected/controllers/CronController.php (103)
2013/10/28 22:16:32 [error] [php] Undefined variable: code (/home/mile/public_html/api.oddsleaders/protected/controllers/CronController.php:164)
Stack trace:
#0 /home/mile/public_html/yii-1.1.14.f0fee9/framework/web/actions/CInlineAction.php(49): CronController->actionStack()
#1 /home/mile/public_html/yii-1.1.14.f0fee9/framework/web/CController.php(308): CInlineAction->runWithParams()
#2 /home/mile/public_html/yii-1.1.14.f0fee9/framework/web/filters/CFilterChain.php(133): CronController->runAction()
#3 /home/mile/public_html/yii-1.1.14.f0fee9/framework/web/filters/CFilter.php(40): CFilterChain->run()
#4 /home/mile/public_html/yii-1.1.14.f0fee9/framework/web/CController.php(1145): CAccessControlFilter->filter()
#5 /home/mile/public_html/yii-1.1.14.f0fee9/framework/web/filters/CInlineFilter.php(58): CronController->filterAccessControl()
#6 /home/mile/public_html/yii-1.1.14.f0fee9/framework/web/filters/CFilterChain.php(130): CInlineFilter->filter()
#7 /home/mile/public_html/yii-1.1.14.f0fee9/framework/web/CController.php(291): CFilterChain->run()
#8 /home/mile/public_html/yii-1.1.14.f0fee9/framework/web/CController.php(265): CronController->runActionWithFilters()
#9 /home/mile/public_html/yii-1.1.14.f0fee9/framework/web/CWebApplication.php(282): CronController->run()
#10 /home/mile/public_html/yii-1.1.14.f0fee9/framework/web/CWebApplication.php(141): CWebApplication->runController()
#11 /home/mile/public_html/yii-1.1.14.f0fee9/framework/base/CApplication.php(180): CWebApplication->processRequest()
#12 /home/mile/public_html/api.oddsleaders/index.php(20): CWebApplication->run()
REQUEST_URI=/index.php?r=cron/stack
in /home/mile/public_html/api.oddsleaders/protected/controllers/CronController.php (164)
in /home/mile/public_html/api.oddsleaders/protected/controllers/CronController.php (145)
in /home/mile/public_html/api.oddsleaders/protected/controllers/CronController.php (103)
2013/10/28 22:51:05 [error] [php] Undefined variable: cml (/home/mile/public_html/api.oddsleaders/protected/controllers/CronController.php:1033)
Stack trace:
#0 /home/mile/public_html/yii-1.1.14.f0fee9/framework/web/filters/CFilterChain.php(133): CronController->runAction()
#1 /home/mile/public_html/yii-1.1.14.f0fee9/framework/web/filters/CFilter.php(40): CFilterChain->run()
#2 /home/mile/public_html/yii-1.1.14.f0fee9/framework/web/CController.php(1145): CAccessControlFilter->filter()
#3 /home/mile/public_html/yii-1.1.14.f0fee9/framework/web/filters/CInlineFilter.php(58): CronController->filterAccessControl()
#4 /home/mile/public_html/yii-1.1.14.f0fee9/framework/web/filters/CFilterChain.php(130): CInlineFilter->filter()
#5 /home/mile/public_html/yii-1.1.14.f0fee9/framework/web/CController.php(291): CFilterChain->run()
#6 /home/mile/public_html/yii-1.1.14.f0fee9/framework/web/CController.php(265): CronController->runActionWithFilters()
#7 /home/mile/public_html/yii-1.1.14.f0fee9/framework/web/CWebApplication.php(282): CronController->run()
#8 /home/mile/public_html/yii-1.1.14.f0fee9/framework/web/CWebApplication.php(141): CWebApplication->runController()
#9 /home/mile/public_html/yii-1.1.14.f0fee9/framework/base/CApplication.php(180): CWebApplication->processRequest()
#10 /home/mile/public_html/api.oddsleaders/index.php(20): CWebApplication->run()
REQUEST_URI=/index.php?r=cron/xml
in /home/mile/public_html/api.oddsleaders/protected/controllers/CronController.php (1033)
in /home/mile/public_html/api.oddsleaders/index.php (20)
